<?xml version='1.0' encoding='UTF-8'?>
<testsuite hostname="CL01727" name="ExampleSpec" tests="2" errors="0" failures="0" time="0.023">
                     <properties>
[...]
</properties>
                     <testcase classname="ExampleSpec" name="A Stack should pop values in last-in-first-out order" time="0.021">
                                                 
                                               </testcase><testcase classname="ExampleSpec" name="A Stack should throw NoSuchElementException if an empty stack is popped" time="0.0020">
                                                 
                                               </testcase>
                     <system-out></system-out>
                     <system-err></system-err>
                   </testsuite>